This is pdfeTeX, Version 3.141592-1.30.4-2.2 (Web2C 7.5.5) (format=pdflatex 2006.1.8)  23 MAR 2006 21:45
entering extended mode
\write18 enabled.
**NOTE_LAVIB_SRC.tex
(./NOTE_LAVIB_SRC.tex
LaTeX2e <2003/12/01>
Babel <v3.8d> and hyphenation patterns for american, french, german, ngerman, d
utch, italian, norsk, portuges, spanish, swedish, nohyphenation, loaded.
(/usr/local/teTeX/share/texmf.tetex/tex/latex/revtex4/revtex4.cls
Document Class: revtex4 2001/08/03 v4.0 (http://publish.aps.org/revtex4/ for do
cumentation)
 Copyright (c) 2001 The American Physical Society.
 mailto:revtex@aps.org
 Licensed under the LPPL:
http://www.ctan.org/tex-archive/macros/latex/base/lppl.txt
 Arthur Ogawa <ogawa@teleport.com>
 Based on work by David Carlisle <david@dcarlisle.demon.co.uk>.
ltxutil: portions licensed from W. E. Baxter (web@superscript.com)
Class revtex4 Info: Repairing broken LateX \@sect on input line 596.
\intertabularlinepenalty=\count79
\@tbpen=\count80
\@arstrutbox@hline=\box26
Class revtex4 Info: Repairing broken LaTeX \@xbitor on input line 1610.
ltxgrid: portions licensed from W. E. Baxter (web@superscript.com)
\c@linecount=\count81
\output=\toks14
\@protection@box=\box27
\@topmark@saved=\toks15
\footins@saved=\box28
\pagesofar=\box29
\footbox=\box30
\pagegrid@col=\count82
Class revtex4 Info: Incorporating package {textcase}  [1998/11/12 v0.06 Text on
ly upper/lower case changing (DPC)]. on input line 3682.
(/usr/local/teTeX/share/texmf.tetex/tex/latex/url/url.sty
\Urlmuskip=\muskip10
Package: url 2004/03/15  ver 3.1  Verb mode for urls, etc.
)
\c@affil=\count83
\absbox=\box31
\c@part=\count84
\c@section=\count85
\c@subsection=\count86
\c@subsubsection=\count87
\c@paragraph=\count88
\c@subparagraph=\count89
\abovecaptionskip=\skip41
\belowcaptionskip=\skip42
\c@figure=\count90
\c@table=\count91

(/usr/local/teTeX/share/texmf.tetex/tex/latex/natbib/natbib.sty
Package: natbib 2003/06/06 7.1 (PWD)
\bibhang=\skip43
\bibsep=\skip44
LaTeX Info: Redefining \cite on input line 518.
\c@NAT@ctr=\count92
)
\widetext@top=\box32
\widetext@bot=\box33

(/usr/local/teTeX/share/texmf.tetex/tex/latex/revtex4/revsymb.sty
Package: revsymb 2001/08/03 v4.0 (http://publish.aps.org/revtex4/ for documenta
tion)
LaTeX Info: Redefining \REV@mathfrak on input line 118.
))
(/usr/local/teTeX/share/texmf.tetex/tex/latex/amsfonts/amsfonts.sty
Package: amsfonts 2001/10/25 v2.2f
\@emptytoks=\toks16
\symAMSa=\mathgroup4
\symAMSb=\mathgroup5
LaTeX Font Info:    Overwriting math alphabet `\mathfrak' in version `bold'
(Font)                  U/euf/m/n --> U/euf/b/n on input line 132.
LaTeX Info: Redefining \frak on input line 135.
LaTeX Info: Redefining \Bbb on input line 137.
)
(/usr/local/teTeX/share/texmf.tetex/tex/latex/amsfonts/amssymb.sty
Package: amssymb 2002/01/22 v2.2d
)
(/usr/local/teTeX/share/texmf.tetex/tex/latex/revtex4/aps.rtx
File: aps.rtx 2001/08/03 v4.0 (http://publish.aps.org/revtex4/ for documentatio
n)
)
(/usr/local/teTeX/share/texmf.tetex/tex/latex/revtex4/12pt.rtx
File: 12pt.rtx 2001/08/03 v4.0 (http://publish.aps.org/revtex4/ for documentati
on)
)
(/usr/local/teTeX/share/texmf.tetex/tex/latex/amsmath/amsmath.sty
Package: amsmath 2000/07/18 v2.13 AMS math features
\@mathmargin=\skip45

For additional information on amsmath, use the `?' option.
(/usr/local/teTeX/share/texmf.tetex/tex/latex/amsmath/amstext.sty
Package: amstext 2000/06/29 v2.01

(/usr/local/teTeX/share/texmf.tetex/tex/latex/amsmath/amsgen.sty
File: amsgen.sty 1999/11/30 v2.0
\@emptytoks=\toks17
\ex@=\dimen102
))
(/usr/local/teTeX/share/texmf.tetex/tex/latex/amsmath/amsbsy.sty
Package: amsbsy 1999/11/29 v1.2d
\pmbraise@=\dimen103
)
(/usr/local/teTeX/share/texmf.tetex/tex/latex/amsmath/amsopn.sty
Package: amsopn 1999/12/14 v2.01 operator names
)
\inf@bad=\count93
LaTeX Info: Redefining \frac on input line 211.
\uproot@=\count94
\leftroot@=\count95
LaTeX Info: Redefining \overline on input line 307.
\classnum@=\count96
\DOTSCASE@=\count97
LaTeX Info: Redefining \ldots on input line 379.
LaTeX Info: Redefining \dots on input line 382.
LaTeX Info: Redefining \cdots on input line 467.
\Mathstrutbox@=\box34
\strutbox@=\box35
\big@size=\dimen104
LaTeX Font Info:    Redeclaring font encoding OML on input line 567.
LaTeX Font Info:    Redeclaring font encoding OMS on input line 568.
\macc@depth=\count98
\c@MaxMatrixCols=\count99
\dotsspace@=\muskip11
\c@parentequation=\count100
\dspbrk@lvl=\count101
\tag@help=\toks18
\row@=\count102
\column@=\count103
\maxfields@=\count104
\andhelp@=\toks19
\eqnshift@=\dimen105
\alignsep@=\dimen106
\tagshift@=\dimen107
\tagwidth@=\dimen108
\totwidth@=\dimen109
\lineht@=\dimen110
\@envbody=\toks20
\multlinegap=\skip46
\multlinetaggap=\skip47
\mathdisplay@stack=\toks21
LaTeX Info: Redefining \[ on input line 2666.
LaTeX Info: Redefining \] on input line 2667.
) (./SE.sty)
(/usr/local/teTeX/share/texmf.tetex/tex/latex/tools/dcolumn.sty
Package: dcolumn 2001/05/28 v1.06 decimal alignment package (DPC)

(/usr/local/teTeX/share/texmf.tetex/tex/latex/tools/array.sty
Package: array 2003/12/17 v2.4a Tabular extension package (FMi)
\col@sep=\dimen111
\extrarowheight=\dimen112
\NC@list=\toks22
\extratabsurround=\skip48
\backup@length=\skip49
))
(./NOTE_LAVIB_SRC.aux)
\openout1 = `NOTE_LAVIB_SRC.aux'.

LaTeX Font Info:    Checking defaults for OML/cmm/m/it on input line 18.
LaTeX Font Info:    ... okay on input line 18.
LaTeX Font Info:    Checking defaults for T1/cmr/m/n on input line 18.
LaTeX Font Info:    ... okay on input line 18.
LaTeX Font Info:    Checking defaults for OT1/cmr/m/n on input line 18.
LaTeX Font Info:    ... okay on input line 18.
LaTeX Font Info:    Checking defaults for OMS/cmsy/m/n on input line 18.
LaTeX Font Info:    ... okay on input line 18.
LaTeX Font Info:    Checking defaults for OMX/cmex/m/n on input line 18.
LaTeX Font Info:    ... okay on input line 18.
LaTeX Font Info:    Checking defaults for U/cmr/m/n on input line 18.
LaTeX Font Info:    ... okay on input line 18.
Class revtex4 Info: Patching array package. on input line 18.
Class revtex4 Info: cite was not loaded (OK!) on input line 18.
Class revtex4 Info: multicol was not loaded (OK!) on input line 18.
LaTeX Font Info:    Try loading font information for U+msa on input line 39.

(/usr/local/teTeX/share/texmf.tetex/tex/latex/amsfonts/umsa.fd
File: umsa.fd 2002/01/19 v2.2g AMS font definitions
)
LaTeX Font Info:    Try loading font information for U+msb on input line 39.

(/usr/local/teTeX/share/texmf.tetex/tex/latex/amsfonts/umsb.fd
File: umsb.fd 2002/01/19 v2.2g AMS font definitions
) [1{/Users/fenghao/Library/texmf/fonts/map/pdftex/pdftex.map}] (./NOTE_LAVIB_S
RC.toc
Overfull \hbox (8.27779pt too wide) detected at line 4
 \OT1/cmr/bx/n/12 I.
 []


Overfull \hbox (0.87494pt too wide) detected at line 4
 \OT1/cmr/m/n/12 2
 []


Overfull \hbox (11.5721pt too wide) detected at line 5
 \OT1/cmr/m/n/12 A.
 []


Overfull \hbox (0.87494pt too wide) detected at line 5
 \OT1/cmr/m/n/12 2
 []


Overfull \hbox (13.68057pt too wide) detected at line 6
 \OT1/cmr/bx/n/12 II.
 []


Overfull \hbox (0.87494pt too wide) detected at line 6
 \OT1/cmr/m/n/12 2
 []


Overfull \hbox (11.5721pt too wide) detected at line 7
 \OT1/cmr/m/n/12 A.
 []


Overfull \hbox (0.87494pt too wide) detected at line 7
 \OT1/cmr/m/n/12 3
 []


Overfull \hbox (8.6388pt too wide) detected at line 8
 \OT1/cmr/m/n/12 1.
 []


Overfull \hbox (0.87494pt too wide) detected at line 8
 \OT1/cmr/m/n/12 3
 []


Overfull \hbox (8.6388pt too wide) detected at line 9
 \OT1/cmr/m/n/12 2.
 []


Overfull \hbox (0.87494pt too wide) detected at line 9
 \OT1/cmr/m/n/12 4
 []


Overfull \hbox (8.6388pt too wide) detected at line 10
 \OT1/cmr/m/n/12 3.
 []


Overfull \hbox (0.87494pt too wide) detected at line 10
 \OT1/cmr/m/n/12 6
 []


Overfull \hbox (11.08461pt too wide) detected at line 11
 \OT1/cmr/m/n/12 B.
 []


Overfull \hbox (0.87494pt too wide) detected at line 11
 \OT1/cmr/m/n/12 9
 []


Overfull \hbox (11.24988pt too wide) detected at line 12
 \OT1/cmr/m/n/12 C.
 []


Overfull \hbox (6.74988pt too wide) detected at line 12
 \OT1/cmr/m/n/12 10
 []


Overfull \hbox (19.08336pt too wide) detected at line 13
 \OT1/cmr/bx/n/12 III.
 []


Overfull \hbox (6.74988pt too wide) detected at line 13
 \OT1/cmr/m/n/12 14
 []


Overfull \hbox (18.47223pt too wide) detected at line 14
 \OT1/cmr/bx/n/12 IV.
 []


Overfull \hbox (6.74988pt too wide) detected at line 14
 \OT1/cmr/m/n/12 14
 []


Overfull \hbox (11.5721pt too wide) detected at line 15
 \OT1/cmr/m/n/12 A.
 []


Overfull \hbox (6.74988pt too wide) detected at line 15
 \OT1/cmr/m/n/12 14
 []


Overfull \hbox (11.08461pt too wide) detected at line 16
 \OT1/cmr/m/n/12 B.
 []


Overfull \hbox (6.74988pt too wide) detected at line 16
 \OT1/cmr/m/n/12 15
 []


Overfull \hbox (8.6388pt too wide) detected at line 17
 \OT1/cmr/m/n/12 1.
 []


Overfull \hbox (6.74988pt too wide) detected at line 17
 \OT1/cmr/m/n/12 16
 []


Overfull \hbox (13.44444pt too wide) detected at line 18
 \OT1/cmr/bx/n/12 V.
 []


Overfull \hbox (6.74988pt too wide) detected at line 18
 \OT1/cmr/m/n/12 16
 []

)
\tf@toc=\write3
\openout3 = `NOTE_LAVIB_SRC.toc'.

 [2]
LaTeX Font Info:    Try loading font information for OMS+cmr on input line 101.

 (/usr/local/teTeX/share/texmf.tetex/tex/latex/base/omscmr.fd
File: omscmr.fd 1999/05/25 v2.5h Standard LaTeX font definitions
)
LaTeX Font Info:    Font shape `OMS/cmr/m/n' in size <12> not available
(Font)              Font shape `OMS/cmsy/m/n' tried instead on input line 101.
 [3]

Package natbib Warning: Citation `MAM1980' on page 4 undefined on input line 11
3.


Package natbib Warning: Citation `MAM1980' on page 4 undefined on input line 13
8.

[4] [5] [6]

Package natbib Warning: Citation `PTV1992' on page 7 undefined on input line 26
2.

[7] [8] [9] [10] [11] [12] [13]
Overfull \hbox (6.60022pt too wide) in paragraph at lines 545--545
 []       \OT1/cmtt/m/n/12 write(6,*)' The kernel filenames (symmetry label wil
l be added):'[] 
 []

[14] [15]
No file NOTE_LAVIB_SRC.bbl.

Package natbib Warning: There were undefined citations.

[16] (./NOTE_LAVIB_SRC.aux)

LaTeX Warning: Label(s) may have changed. Rerun to get cross-references right .


 ) 
Here is how much of TeX's memory you used:
 2989 strings out of 95137
 34147 string characters out of 1183014
 2088677 words of memory out of 4543512
 6133 multiletter control sequences out of 10000+50000
 14143 words of font info for 55 fonts, out of 2000000 for 2000
 58 hyphenation exceptions out of 5000
 36i,18n,29p,345b,311s stack positions out of 5000i,500n,6000p,200000b,40000s
PDF statistics:
 108 PDF objects out of 300000
 0 named destinations out of 131072
 1 words of extra memory for PDF output out of 10000
</usr/local/teTeX/share/texmf.tetex/fonts/type1/bluesky/cm/cmsl12.pfb></usr/l
ocal/teTeX/share/texmf.tetex/fonts/type1/bluesky/cm/cmsy6.pfb></usr/local/teTeX
/share/texmf.tetex/fonts/type1/bluesky/cm/cmsy10.pfb></usr/local/teTeX/share/te
xmf.tetex/fonts/type1/bluesky/cm/cmex10.pfb></usr/local/teTeX/share/texmf.tetex
/fonts/type1/bluesky/cm/cmmi6.pfb></usr/local/teTeX/share/texmf.tetex/fonts/typ
e1/bluesky/cm/cmti10.pfb></usr/local/teTeX/share/texmf.tetex/fonts/type1/bluesk
y/cm/cmmi10.pfb></usr/local/teTeX/share/texmf.tetex/fonts/type1/bluesky/cm/cmtt
12.pfb></usr/local/teTeX/share/texmf.tetex/fonts/type1/bluesky/cm/cmr8.pfb></us
r/local/teTeX/share/texmf.tetex/fonts/type1/bluesky/cm/cmmi8.pfb></usr/local/te
TeX/share/texmf.tetex/fonts/type1/bluesky/cm/cmmi12.pfb></usr/local/teTeX/share
/texmf.tetex/fonts/type1/bluesky/cm/cmbx10.pfb></usr/local/teTeX/share/texmf.te
tex/fonts/type1/bluesky/cm/cmtt10.pfb></usr/local/teTeX/share/texmf.tetex/fonts
/type1/bluesky/cm/cmsy7.pfb></usr/local/teTeX/share/texmf.tetex/fonts/type1/blu
esky/cm/cmr10.pfb></usr/local/teTeX/share/texmf.tetex/fonts/type1/bluesky/cm/cm
ti12.pfb></usr/local/teTeX/share/texmf.tetex/fonts/type1/bluesky/cm/cmsy8.pfb><
/usr/local/teTeX/share/texmf.tetex/fonts/type1/bluesky/cm/cmr12.pfb></usr/local
/teTeX/share/texmf.tetex/fonts/type1/bluesky/cm/cmbx12.pfb>
Output written on NOTE_LAVIB_SRC.pdf (16 pages, 156207 bytes).
